  CVtest.cpp
d:\opencv\cvtest\cvtest\cvtest.cpp(15): error C2065: “CV_LOAD_IMAGE_COLOR”: 未声明的标识符
d:\opencv\cvtest\cvtest\cvtest.cpp(22): error C2065: “CV_WINDOW_NORMAL”: 未声明的标识符
